<?xml version="1.0" encoding="UTF-8"?>
<testsuite name="no.hiof.gruppeprosjekt.repositories.RentalDatabaseTest" tests="1" skipped="0" failures="0" errors="0" timestamp="2020-11-19T12:17:50" hostname="DESKTOP-340MNFF" time="0.112">
  <properties/>
  <testcase name="createRentalAgreement_success()" classname="no.hiof.gruppeprosjekt.repositories.RentalDatabaseTest" time="0.112"/>
  <system-out><![CDATA[]]></system-out>
  <system-err><![CDATA[]]></system-err>
</testsuite>
